TN:
SF:src\client.ts
FN:8,(anonymous_1)
FN:27,(anonymous_2)
FN:30,(anonymous_3)
FN:37,(anonymous_4)
FN:42,(anonymous_5)
FN:43,(anonymous_6)
FN:56,(anonymous_7)
FN:90,(anonymous_8)
FN:97,(anonymous_9)
FN:115,(anonymous_10)
FN:122,(anonymous_11)
FN:126,(anonymous_12)
FN:130,(anonymous_13)
FN:134,(anonymous_14)
FN:135,(anonymous_15)
FN:138,(anonymous_16)
FN:139,(anonymous_17)
FN:142,(anonymous_18)
FN:143,(anonymous_19)
FN:146,(anonymous_20)
FN:147,(anonymous_21)
FN:150,(anonymous_22)
FN:151,(anonymous_23)
FNF:23
FNH:5
FNDA:16,(anonymous_1)
FNDA:16,(anonymous_2)
FNDA:0,(anonymous_3)
FNDA:0,(anonymous_4)
FNDA:0,(anonymous_5)
FNDA:0,(anonymous_6)
FNDA:0,(anonymous_7)
FNDA:0,(anonymous_8)
FNDA:0,(anonymous_9)
FNDA:0,(anonymous_10)
FNDA:3,(anonymous_11)
FNDA:2,(anonymous_12)
FNDA:5,(anonymous_13)
FNDA:0,(anonymous_14)
FNDA:0,(anonymous_15)
FNDA:0,(anonymous_16)
FNDA:0,(anonymous_17)
FNDA:0,(anonymous_18)
FNDA:0,(anonymous_19)
FNDA:0,(anonymous_20)
FNDA:0,(anonymous_21)
FNDA:0,(anonymous_22)
FNDA:0,(anonymous_23)
DA:1,2
DA:4,2
DA:9,16
DA:15,16
DA:24,16
DA:29,16
DA:31,0
DA:32,0
DA:33,0
DA:35,0
DA:37,0
DA:41,16
DA:42,0
DA:44,0
DA:47,0
DA:48,0
DA:51,0
DA:57,0
DA:63,0
DA:65,0
DA:66,0
DA:68,0
DA:69,0
DA:70,0
DA:71,0
DA:72,0
DA:74,0
DA:75,0
DA:77,0
DA:79,0
DA:80,0
DA:83,0
DA:84,0
DA:87,0
DA:91,0
DA:92,0
DA:93,0
DA:103,0
DA:104,0
DA:105,0
DA:107,0
DA:110,0
DA:111,0
DA:115,0
DA:119,0
DA:123,3
DA:127,2
DA:131,5
DA:135,0
DA:139,0
DA:143,0
DA:147,0
DA:151,0
LF:53
LH:10
BRDA:17,0,0,16
BRDA:17,0,1,1
BRDA:31,1,0,0
BRDA:32,2,0,0
BRDA:32,2,1,0
BRDA:47,3,0,0
BRDA:63,4,0,0
BRDA:63,4,1,0
BRDA:68,5,0,0
BRDA:68,5,1,0
BRDA:68,6,0,0
BRDA:68,6,1,0
BRDA:70,7,0,0
BRDA:70,7,1,0
BRDA:71,8,0,0
BRDA:71,8,1,0
BRDA:77,9,0,0
BRDA:77,9,1,0
BRDA:84,10,0,0
BRDA:84,10,1,0
BRDA:92,11,0,0
BRDA:99,12,0,0
BRDA:99,13,0,0
BRDA:99,13,1,0
BRDA:110,14,0,0
BRDA:110,15,0,0
BRDA:110,15,1,0
BRDA:110,16,0,0
BRDA:110,16,1,0
BRF:29
BRH:2
end_of_record
TN:
SF:src\config.ts
FN:11,createConfig
FNF:1
FNH:1
FNDA:4,createConfig
DA:3,1
DA:11,1
DA:12,4
LF:3
LH:3
BRF:0
BRH:0
end_of_record
TN:
SF:src\sdk.ts
FN:14,createSDK
FN:24,(anonymous_5)
FN:28,(anonymous_6)
FN:40,createDefaultSDK
FN:47,(anonymous_8)
FNF:5
FNH:4
FNDA:4,createSDK
FNDA:1,(anonymous_5)
FNDA:1,(anonymous_6)
FNDA:1,createDefaultSDK
FNDA:0,(anonymous_8)
DA:1,1
DA:2,1
DA:4,1
DA:5,1
DA:6,1
DA:7,1
DA:14,1
DA:15,4
DA:16,4
DA:18,4
DA:25,1
DA:29,1
DA:33,4
DA:40,1
DA:41,1
DA:45,1
DA:46,1
DA:47,1
DA:50,1
LF:19
LH:19
BRF:0
BRH:0
end_of_record
TN:
SF:src\generated\ai.ts
FN:7,(anonymous_0)
FN:10,(anonymous_1)
FN:16,(anonymous_2)
FN:22,(anonymous_3)
FN:28,(anonymous_4)
FN:34,(anonymous_5)
FN:40,(anonymous_6)
FN:47,createAIAPI
FNF:8
FNH:2
FNDA:4,(anonymous_0)
FNDA:0,(anonymous_1)
FNDA:0,(anonymous_2)
FNDA:0,(anonymous_3)
FNDA:0,(anonymous_4)
FNDA:0,(anonymous_5)
FNDA:0,(anonymous_6)
FNDA:4,createAIAPI
DA:6,1
DA:7,4
DA:11,0
DA:12,0
DA:17,0
DA:18,0
DA:23,0
DA:24,0
DA:29,0
DA:30,0
DA:35,0
DA:36,0
DA:41,0
DA:42,0
DA:47,1
DA:48,4
LF:16
LH:4
BRF:0
BRH:0
end_of_record
TN:
SF:src\generated\auth.ts
FN:7,(anonymous_0)
FN:10,(anonymous_1)
FN:16,(anonymous_2)
FN:22,(anonymous_3)
FN:28,(anonymous_4)
FN:34,(anonymous_5)
FN:41,createAuthAPI
FNF:7
FNH:2
FNDA:4,(anonymous_0)
FNDA:0,(anonymous_1)
FNDA:0,(anonymous_2)
FNDA:0,(anonymous_3)
FNDA:0,(anonymous_4)
FNDA:0,(anonymous_5)
FNDA:4,createAuthAPI
DA:6,1
DA:7,4
DA:11,0
DA:12,0
DA:17,0
DA:18,0
DA:23,0
DA:24,0
DA:29,0
DA:30,0
DA:35,0
DA:36,0
DA:41,1
DA:42,4
LF:14
LH:4
BRF:0
BRH:0
end_of_record
TN:
SF:src\generated\courses.ts
FN:7,(anonymous_0)
FN:10,(anonymous_1)
FN:19,(anonymous_2)
FN:25,(anonymous_3)
FN:31,(anonymous_4)
FN:37,(anonymous_5)
FN:43,(anonymous_6)
FN:49,(anonymous_7)
FN:55,(anonymous_8)
FN:61,(anonymous_9)
FN:68,(anonymous_10)
FN:75,createCoursesAPI
FNF:12
FNH:2
FNDA:4,(anonymous_0)
FNDA:0,(anonymous_1)
FNDA:0,(anonymous_2)
FNDA:0,(anonymous_3)
FNDA:0,(anonymous_4)
FNDA:0,(anonymous_5)
FNDA:0,(anonymous_6)
FNDA:0,(anonymous_7)
FNDA:0,(anonymous_8)
FNDA:0,(anonymous_9)
FNDA:0,(anonymous_10)
FNDA:4,createCoursesAPI
DA:6,1
DA:7,4
DA:14,0
DA:15,0
DA:20,0
DA:21,0
DA:26,0
DA:27,0
DA:32,0
DA:33,0
DA:38,0
DA:39,0
DA:44,0
DA:45,0
DA:50,0
DA:51,0
DA:56,0
DA:57,0
DA:62,0
DA:63,0
DA:64,0
DA:69,0
DA:70,0
DA:75,1
DA:76,4
LF:25
LH:4
BRF:0
BRH:0
end_of_record
TN:
SF:src\generated\users.ts
FN:7,(anonymous_0)
FN:10,(anonymous_1)
FN:16,(anonymous_2)
FN:22,(anonymous_3)
FN:28,(anonymous_4)
FN:34,(anonymous_5)
FN:40,(anonymous_6)
FN:46,(anonymous_7)
FN:54,createUsersAPI
FNF:9
FNH:2
FNDA:4,(anonymous_0)
FNDA:0,(anonymous_1)
FNDA:0,(anonymous_2)
FNDA:0,(anonymous_3)
FNDA:0,(anonymous_4)
FNDA:0,(anonymous_5)
FNDA:0,(anonymous_6)
FNDA:0,(anonymous_7)
FNDA:4,createUsersAPI
DA:6,1
DA:7,4
DA:11,0
DA:12,0
DA:17,0
DA:18,0
DA:23,0
DA:24,0
DA:29,0
DA:30,0
DA:35,0
DA:36,0
DA:41,0
DA:42,0
DA:47,0
DA:48,0
DA:49,0
DA:54,1
DA:55,4
LF:19
LH:4
BRF:0
BRH:0
end_of_record
